{"D:\\CODE\\VACBOT-V2\\src\\lib\\VACClient.ts": {"path":"D:\\CODE\\VACBOT-V2\\src\\lib\\VACClient.ts","statementMap":{"0":{"start":{"line":1,"column":0},"end":{"line":1,"column":53}},"1":{"start":{"line":5,"column":8},"end":{"line":14,"column":11}},"2":{"start":{"line":3,"column":0},"end":{"line":3,"column":13}}},"fnMap":{"0":{"name":"(anonymous_0)","decl":{"start":{"line":4,"column":4},"end":{"line":4,"column":16}},"loc":{"start":{"line":4,"column":32},"end":{"line":15,"column":5}}}},"branchMap":{},"s":{"0":1,"1":1,"2":1},"f":{"0":1},"b":{}}
,"D:\\CODE\\VACBOT-V2\\src\\lib\\index.ts": {"path":"D:\\CODE\\VACBOT-V2\\src\\lib\\index.ts","statementMap":{"0":{"start":{"line":1,"column":0},"end":{"line":1,"column":27}}},"fnMap":{},"branchMap":{},"s":{"0":1},"f":{},"b":{}}
,"D:\\CODE\\VACBOT-V2\\src\\utils\\createInfoEmbed.ts": {"path":"D:\\CODE\\VACBOT-V2\\src\\utils\\createInfoEmbed.ts","statementMap":{"0":{"start":{"line":1,"column":0},"end":{"line":1,"column":50}},"1":{"start":{"line":4,"column":4},"end":{"line":11,"column":29}},"2":{"start":{"line":3,"column":0},"end":{"line":3,"column":16}}},"fnMap":{"0":{"name":"createInfoEmbed","decl":{"start":{"line":3,"column":16},"end":{"line":3,"column":31}},"loc":{"start":{"line":3,"column":160},"end":{"line":12,"column":1}}}},"branchMap":{"0":{"loc":{"start":{"line":6,"column":24},"end":{"line":6,"column":49}},"type":"binary-expr","locations":[{"start":{"line":6,"column":24},"end":{"line":6,"column":43}},{"start":{"line":6,"column":47},"end":{"line":6,"column":49}}]},"1":{"loc":{"start":{"line":8,"column":19},"end":{"line":8,"column":46}},"type":"binary-expr","locations":[{"start":{"line":8,"column":19},"end":{"line":8,"column":40}},{"start":{"line":8,"column":44},"end":{"line":8,"column":46}}]},"2":{"loc":{"start":{"line":9,"column":19},"end":{"line":9,"column":39}},"type":"binary-expr","locations":[{"start":{"line":9,"column":19},"end":{"line":9,"column":33}},{"start":{"line":9,"column":37},"end":{"line":9,"column":39}}]},"3":{"loc":{"start":{"line":10,"column":22},"end":{"line":10,"column":53}},"type":"binary-expr","locations":[{"start":{"line":10,"column":22},"end":{"line":10,"column":39}},{"start":{"line":10,"column":43},"end":{"line":10,"column":53}}]}},"s":{"0":1,"1":1,"2":1},"f":{"0":1},"b":{"0":[1,1],"1":[1,1],"2":[1,1],"3":[1,1]}}
}
